<?xml version="1.0" encoding="UTF-8"?>
<!-- Generated by org.testng.reporters.JUnitReportReporter -->
<testsuite hostname="EPINPUNW0036" name="ComparatorTest.ReverseUsingComparator" tests="1" failures="0" timestamp="16 Aug 2018 05:11:41 GMT" time="6.940" errors="0">
  <testcase name="test" time="6.940" classname="ComparatorTest.ReverseUsingComparator"/>
</testsuite> <!-- ComparatorTest.ReverseUsingComparator -->
