<?xml version="1.0" encoding="UTF-8"?>
<!-- Generated by org.testng.reporters.JUnitReportReporter -->
<testsuite hostname="EPINPUNW0036" name="ComparatorTest.ComparatorDemo" tests="1" failures="0" timestamp="2 Aug 2018 04:20:07 GMT" time="0.042" errors="0">
  <testcase name="test" time="0.042" classname="ComparatorTest.ComparatorDemo"/>
</testsuite> <!-- ComparatorTest.ComparatorDemo -->
