<?xml version="1.0" encoding="UTF-8"?>
<!-- Generated by org.testng.reporters.JUnitReportReporter -->
<testsuite hostname="EPINPUNW0036" name="Practice.Test2" tests="1" failures="0" timestamp="25 Jul 2018 12:53:06 GMT" time="0.007" errors="0">
  <testcase name="print" time="0.007" classname="Practice.Test2"/>
</testsuite> <!-- Practice.Test2 -->
